TN:
SF:script/DeployScript.s.sol
DA:11,0
FN:11,DeployScript.run
FNDA:0,DeployScript.run
DA:12,0
DA:15,8
FN:15,DeployScript.deployContract
FNDA:8,DeployScript.deployContract
DA:16,8
DA:17,8
DA:18,8
BRDA:18,0,0,8
DA:20,8
DA:21,8
DA:24,8
DA:25,8
DA:31,8
DA:32,8
DA:40,8
DA:42,8
DA:43,8
DA:48,8
FNF:2
FNH:1
LF:16
LH:14
BRF:1
BRH:1
end_of_record
TN:
SF:script/HelperConfig.s.sol
DA:34,16
FN:34,HelperConfig.getConfig
FNDA:16,HelperConfig.getConfig
DA:35,16
DA:38,0
FN:38,HelperConfig.getConfigByChainId
FNDA:0,HelperConfig.getConfigByChainId
DA:41,16
BRDA:41,0,0,-
BRDA:41,0,1,8
DA:42,0
DA:43,16
BRDA:43,1,0,-
BRDA:43,1,1,8
DA:44,0
DA:45,16
BRDA:45,2,0,16
BRDA:45,2,1,8
DA:46,16
BRDA:46,3,0,8
DA:47,8
DA:49,8
DA:51,0
DA:55,0
FN:55,HelperConfig.getSepoliaConfig
FNDA:0,HelperConfig.getSepoliaConfig
DA:56,0
DA:68,0
FN:68,HelperConfig.getEthMainnetConfig
FNDA:0,HelperConfig.getEthMainnetConfig
DA:69,0
DA:81,0
FN:81,HelperConfig.getorCreateAnvilconfig
FNDA:0,HelperConfig.getorCreateAnvilconfig
DA:82,8
DA:83,8
DA:88,8
DA:89,8
DA:90,8
DA:100,8
FNF:5
FNH:1
LF:23
LH:14
BRF:7
BRH:5
end_of_record
TN:
SF:script/Interactions.s.sol
DA:16,0
FN:16,CreateSubscription.run.0
FNDA:0,CreateSubscription.run.0
DA:17,0
DA:20,0
FN:20,CreateSubscription.createSubscriptionFromConfig
FNDA:0,CreateSubscription.createSubscriptionFromConfig
DA:21,0
DA:22,0
DA:23,0
DA:24,0
DA:27,8
FN:27,CreateSubscription.getOrCreateSubscription
FNDA:8,CreateSubscription.getOrCreateSubscription
DA:30,8
DA:31,8
DA:32,8
DA:34,8
DA:35,8
DA:36,8
DA:44,8
DA:45,8
DA:52,0
FN:52,FundSubscription.run.1
FNDA:0,FundSubscription.run.1
DA:53,0
DA:56,0
FN:56,FundSubscription.fundSubscriptionUsingConfig
FNDA:0,FundSubscription.fundSubscriptionUsingConfig
DA:57,0
DA:58,0
DA:59,0
DA:60,0
DA:61,0
DA:64,8
FN:64,FundSubscription.fundSubscription
FNDA:8,FundSubscription.fundSubscription
DA:69,8
BRDA:69,0,0,8
BRDA:69,0,1,-
DA:70,8
DA:71,8
DA:75,8
DA:77,0
DA:78,0
DA:83,0
DA:89,0
FN:89,AddConsumer.run.2
FNDA:0,AddConsumer.run.2
DA:90,0
DA:94,0
DA:97,0
FN:97,AddConsumer.addConsumerFromConfig
FNDA:0,AddConsumer.addConsumerFromConfig
DA:98,0
DA:99,0
DA:100,0
DA:101,0
DA:104,8
FN:104,AddConsumer.addConsumer
FNDA:8,AddConsumer.addConsumer
DA:109,8
DA:110,8
DA:111,8
DA:112,8
DA:113,8
DA:114,8
DA:118,8
FNF:9
FNH:3
LF:48
LH:22
BRF:2
BRH:1
end_of_record
TN:
SF:src/Raffle.sol
DA:70,8
FN:70,Raffle.constructor
FNDA:8,Raffle.constructor
DA:78,8
DA:79,8
DA:80,8
DA:81,8
DA:82,8
DA:83,8
DA:84,8
DA:87,6
FN:87,Raffle.enterRaffle
FNDA:6,Raffle.enterRaffle
DA:90,6
BRDA:90,0,0,1
DA:91,1
DA:93,5
BRDA:93,1,0,1
DA:94,1
DA:96,4
DA:97,4
DA:112,2
FN:112,Raffle.checkUpkeep
FNDA:2,Raffle.checkUpkeep
DA:115,4
DA:116,4
DA:117,4
DA:118,4
DA:119,4
DA:120,4
DA:123,2
FN:123,Raffle.performUpkeep
FNDA:2,Raffle.performUpkeep
DA:124,2
DA:125,2
BRDA:125,2,0,-
DA:126,0
DA:133,2
DA:134,2
DA:147,2
DA:150,0
FN:150,Raffle.fulfillRandomWords
FNDA:0,Raffle.fulfillRandomWords
DA:157,0
DA:158,0
DA:159,0
DA:161,0
DA:162,0
DA:163,0
DA:164,0
DA:167,0
DA:170,0
BRDA:170,3,0,-
DA:171,0
DA:178,0
FN:178,Raffle.getEnteranceFee
FNDA:0,Raffle.getEnteranceFee
DA:179,0
DA:182,1
FN:182,Raffle.getPlayerByIndex
FNDA:1,Raffle.getPlayerByIndex
DA:183,1
DA:186,1
FN:186,Raffle.getPlayerCount
FNDA:1,Raffle.getPlayerCount
DA:187,1
DA:190,2
FN:190,Raffle.getRaffleState
FNDA:2,Raffle.getRaffleState
DA:191,2
FNF:9
FNH:7
LF:48
LH:34
BRF:4
BRH:2
end_of_record
TN:
SF:test/mocks/LinkToken.sol
DA:19,8
FN:19,LinkToken.constructor
FNDA:8,LinkToken.constructor
DA:20,8
DA:23,0
FN:23,LinkToken.mint
FNDA:0,LinkToken.mint
DA:24,0
DA:40,0
FN:40,LinkToken.transferAndCall
FNDA:0,LinkToken.transferAndCall
DA:45,0
DA:47,0
DA:48,0
BRDA:48,0,0,-
DA:49,0
DA:51,0
DA:56,0
FN:56,LinkToken.contractFallback
FNDA:0,LinkToken.contractFallback
DA:61,0
DA:62,0
DA:65,0
FN:65,LinkToken.isContract
FNDA:0,LinkToken.isContract
DA:66,0
DA:68,0
DA:70,0
FNF:5
FNH:1
LF:17
LH:2
BRF:1
BRH:0
end_of_record
